2014-04-01 13:57:04,068 [ModalContext] WARN  o.e.m.i.discovery.MavenDiscovery - CatalogItem org.eclipse.m2e.discovery.lifecyclemapping.m2e-egit does not contain lifecycle mapping metadata
2014-04-01 13:57:04,088 [ModalContext] WARN  o.e.m.i.discovery.MavenDiscovery - CatalogItem org.eclipse.m2e.discovery.lifecyclemapping.m2e-subversive does not contain lifecycle mapping metadata
2014-04-01 13:57:04,091 [ModalContext] WARN  o.e.m.i.discovery.MavenDiscovery - CatalogItem org.eclipse.m2e.discovery.lifecyclemapping.m2e-subclipse does not contain lifecycle mapping metadata
2014-04-01 13:57:09,368 [Worker-4] INFO  o.e.m.c.i.l.LifecycleMappingFactory - Using org.eclipse.m2e.jdt.JarLifecycleMapping lifecycle mapping for MavenProject: org.springframework.samples:SaveBillCore2:0.0.1-SNAPSHOT @ C:\Users\Cédric\Documents\GitHub\BetaalPlatform\SaveBillCore\pom.xml.
2014-04-01 13:57:11,518 [Worker-4] INFO  o.e.m.j.i.AbstractJavaProjectConfigurator - Adding source folder /SaveBillCore/src/main/java
2014-04-01 13:57:11,518 [Worker-4] INFO  o.e.m.j.i.AbstractJavaProjectConfigurator - Adding resource folder /SaveBillCore/src/main/resources
2014-04-01 13:57:11,519 [Worker-4] INFO  o.e.m.j.i.AbstractJavaProjectConfigurator - Adding source folder /SaveBillCore/src/test/java
2014-04-01 13:57:11,668 [Worker-4] INFO  o.e.m.c.i.p.ProjectConfigurationManager - Project import completed 2 sec
2014-04-01 13:57:12,500 [Worker-1] INFO  o.e.m.c.i.l.LifecycleMappingFactory - Using org.eclipse.m2e.jdt.JarLifecycleMapping lifecycle mapping for MavenProject: org.springframework.samples:SaveBillCore2:0.0.1-SNAPSHOT @ C:\Users\Cédric\Documents\GitHub\BetaalPlatform\SaveBillCore\pom.xml.
2014-04-01 13:57:12,647 [Worker-3] INFO  o.e.m.c.i.p.ProjectConfigurationManager - Update started
2014-04-01 13:57:12,648 [Worker-3] INFO  o.e.m.c.i.p.ProjectConfigurationManager - Update completed: 0 sec
2014-04-01 13:57:13,775 [Worker-4] INFO  o.e.m.c.i.l.LifecycleMappingFactory - Using org.eclipse.m2e.jdt.JarLifecycleMapping lifecycle mapping for MavenProject: org.springframework.samples:SaveBillCore2:0.0.1-SNAPSHOT @ C:\Users\Cédric\Documents\GitHub\BetaalPlatform\SaveBillCore\pom.xml.
2014-04-01 13:57:13,950 [Worker-6] INFO  o.e.m.c.i.embedder.EclipseLogger - Using 'UTF-8' encoding to copy filtered resources.
2014-04-01 13:57:13,954 [Worker-6] INFO  o.e.m.c.i.embedder.EclipseLogger - Copying 6 resources
2014-04-01 13:57:14,018 [Worker-6] INFO  o.e.m.c.i.embedder.EclipseLogger - Using 'UTF-8' encoding to copy filtered resources.
2014-04-01 13:57:14,018 [Worker-6] INFO  o.e.m.c.i.embedder.EclipseLogger - skip non existing resourceDirectory C:\Users\Cédric\Documents\GitHub\BetaalPlatform\SaveBillCore\src\test\resources
2014-04-01 13:57:16,977 [Worker-7] INFO  o.e.m.c.i.embedder.EclipseLogger - Using 'UTF-8' encoding to copy filtered resources.
2014-04-01 13:57:16,978 [Worker-7] INFO  o.e.m.c.i.embedder.EclipseLogger - Copying 0 resource
2014-04-01 13:57:16,979 [Worker-7] INFO  o.e.m.c.i.embedder.EclipseLogger - Using 'UTF-8' encoding to copy filtered resources.
2014-04-01 13:57:16,980 [Worker-7] INFO  o.e.m.c.i.embedder.EclipseLogger - skip non existing resourceDirectory C:\Users\Cédric\Documents\GitHub\BetaalPlatform\SaveBillCore\src\test\resources
2014-04-01 13:57:18,725 [Worker-7] INFO  o.e.m.c.i.embedder.EclipseLogger - Using 'UTF-8' encoding to copy filtered resources.
2014-04-01 13:57:18,728 [Worker-7] INFO  o.e.m.c.i.embedder.EclipseLogger - Copying 0 resource
2014-04-01 13:57:18,732 [Worker-7] INFO  o.e.m.c.i.embedder.EclipseLogger - Using 'UTF-8' encoding to copy filtered resources.
2014-04-01 13:57:18,732 [Worker-7] INFO  o.e.m.c.i.embedder.EclipseLogger - skip non existing resourceDirectory C:\Users\Cédric\Documents\GitHub\BetaalPlatform\SaveBillCore\src\test\resources
2014-04-01 13:58:48,332 [Worker-9] INFO  o.e.m.c.i.embedder.EclipseLogger - Using 'UTF-8' encoding to copy filtered resources.
2014-04-01 13:58:48,337 [Worker-9] INFO  o.e.m.c.i.embedder.EclipseLogger - Copying 6 resources
2014-04-01 13:58:48,339 [Worker-9] INFO  o.e.m.c.i.embedder.EclipseLogger - Using 'UTF-8' encoding to copy filtered resources.
2014-04-01 13:58:48,339 [Worker-9] INFO  o.e.m.c.i.embedder.EclipseLogger - skip non existing resourceDirectory C:\Users\Cédric\Documents\GitHub\BetaalPlatform\SaveBillCore\src\test\resources
2014-04-01 13:58:58,883 [Worker-4] INFO  o.e.m.c.i.embedder.EclipseLogger - Using 'UTF-8' encoding to copy filtered resources.
2014-04-01 13:58:58,886 [Worker-4] INFO  o.e.m.c.i.embedder.EclipseLogger - Copying 6 resources
2014-04-01 13:58:58,891 [Worker-4] INFO  o.e.m.c.i.embedder.EclipseLogger - Using 'UTF-8' encoding to copy filtered resources.
2014-04-01 13:58:58,891 [Worker-4] INFO  o.e.m.c.i.embedder.EclipseLogger - skip non existing resourceDirectory C:\Users\Cédric\Documents\GitHub\BetaalPlatform\SaveBillCore\src\test\resources
2014-04-01 13:59:43,469 [Worker-3] INFO  o.e.m.c.i.p.ProjectConfigurationManager - Update started
2014-04-01 13:59:43,576 [Worker-3] INFO  o.e.m.c.i.l.LifecycleMappingFactory - Using org.eclipse.m2e.jdt.JarLifecycleMapping lifecycle mapping for MavenProject: org.springframework.samples:SaveBillCore2:0.0.1-SNAPSHOT @ C:\Users\Cédric\Documents\GitHub\BetaalPlatform\SaveBillCore\pom.xml.
2014-04-01 13:59:43,754 [Worker-3] INFO  o.e.m.j.i.AbstractJavaProjectConfigurator - Adding source folder /SaveBillCore/src/main/java
2014-04-01 13:59:43,754 [Worker-3] INFO  o.e.m.j.i.AbstractJavaProjectConfigurator - Adding resource folder /SaveBillCore/src/main/resources
2014-04-01 13:59:43,757 [Worker-3] INFO  o.e.m.j.i.AbstractJavaProjectConfigurator - Adding source folder /SaveBillCore/src/test/java
2014-04-01 13:59:43,930 [Worker-3] INFO  o.e.m.c.i.p.ProjectConfigurationManager - Update completed: 0 sec
2014-04-01 13:59:44,233 [Worker-6] INFO  o.e.m.c.i.embedder.EclipseLogger - Using 'UTF-8' encoding to copy filtered resources.
2014-04-01 13:59:44,234 [Worker-6] INFO  o.e.m.c.i.embedder.EclipseLogger - Copying 6 resources
2014-04-01 13:59:44,256 [Worker-6] INFO  o.e.m.c.i.embedder.EclipseLogger - Using 'UTF-8' encoding to copy filtered resources.
2014-04-01 13:59:44,257 [Worker-6] INFO  o.e.m.c.i.embedder.EclipseLogger - skip non existing resourceDirectory C:\Users\Cédric\Documents\GitHub\BetaalPlatform\SaveBillCore\src\test\resources
2014-04-01 14:00:36,590 [Worker-6] INFO  o.e.m.c.i.l.LifecycleMappingFactory - Using org.eclipse.m2e.jdt.JarLifecycleMapping lifecycle mapping for MavenProject: org.springframework.samples:SaveBillCore2:0.0.1-SNAPSHOT @ C:\Users\Cédric\Documents\GitHub\BetaalPlatform\SaveBillCore\pom.xml.
2014-04-01 14:00:36,809 [Worker-6] INFO  o.e.m.c.i.embedder.EclipseLogger - Using 'UTF-8' encoding to copy filtered resources.
2014-04-01 14:00:36,813 [Worker-6] INFO  o.e.m.c.i.embedder.EclipseLogger - Copying 6 resources
2014-04-01 14:00:36,829 [Worker-6] INFO  o.e.m.c.i.embedder.EclipseLogger - Using 'UTF-8' encoding to copy filtered resources.
2014-04-01 14:00:36,831 [Worker-6] INFO  o.e.m.c.i.embedder.EclipseLogger - skip non existing resourceDirectory C:\Users\Cédric\Documents\GitHub\BetaalPlatform\SaveBillCore\src\test\resources
2014-04-01 14:01:14,384 [Worker-7] INFO  o.e.m.c.i.embedder.EclipseLogger - Using 'UTF-8' encoding to copy filtered resources.
2014-04-01 14:01:14,388 [Worker-7] INFO  o.e.m.c.i.embedder.EclipseLogger - Copying 6 resources
2014-04-01 14:01:14,394 [Worker-7] INFO  o.e.m.c.i.embedder.EclipseLogger - Using 'UTF-8' encoding to copy filtered resources.
2014-04-01 14:01:14,396 [Worker-7] INFO  o.e.m.c.i.embedder.EclipseLogger - skip non existing resourceDirectory C:\Users\Cédric\Documents\GitHub\BetaalPlatform\SaveBillCore\src\test\resources
2014-04-01 14:38:29,182 [ModalContext] WARN  o.e.m.i.discovery.MavenDiscovery - CatalogItem org.eclipse.m2e.discovery.lifecyclemapping.m2e-egit does not contain lifecycle mapping metadata
2014-04-01 14:38:29,189 [ModalContext] WARN  o.e.m.i.discovery.MavenDiscovery - CatalogItem org.eclipse.m2e.discovery.lifecyclemapping.m2e-subversive does not contain lifecycle mapping metadata
2014-04-01 14:38:29,193 [ModalContext] WARN  o.e.m.i.discovery.MavenDiscovery - CatalogItem org.eclipse.m2e.discovery.lifecyclemapping.m2e-subclipse does not contain lifecycle mapping metadata
2014-04-01 14:38:32,163 [Worker-1] INFO  o.e.m.c.i.l.LifecycleMappingFactory - Using org.maven.ide.eclipse.wtp.WarLifecycleMapping lifecycle mapping for MavenProject: org.savebill:restservice:1.0.0-BUILD-SNAPSHOT @ C:\Users\Cédric\Documents\GitHub\BetaalPlatform\SaveBillService\pom.xml.
2014-04-01 14:38:33,690 [Worker-1] INFO  o.e.m.j.i.AbstractJavaProjectConfigurator - Adding source folder /SaveBillService/src/main/java
2014-04-01 14:38:33,691 [Worker-1] INFO  o.e.m.j.i.AbstractJavaProjectConfigurator - Resources folder /SaveBillService/src/main/resources overlaps with sources folder /SaveBillService/src/main/resources
2014-04-01 14:38:33,691 [Worker-1] INFO  o.e.m.j.i.AbstractJavaProjectConfigurator - Adding source folder /SaveBillService/src/test/java
2014-04-01 14:38:33,691 [Worker-1] INFO  o.e.m.j.i.AbstractJavaProjectConfigurator - Resources folder /SaveBillService/src/test/resources overlaps with sources folder /SaveBillService/src/test/resources
2014-04-01 14:38:33,922 [Worker-1] INFO  o.e.m.c.i.p.ProjectConfigurationManager - Project import completed 2 sec
2014-04-01 14:38:33,946 [Worker-2] INFO  o.e.m.c.i.l.LifecycleMappingFactory - Using org.maven.ide.eclipse.wtp.WarLifecycleMapping lifecycle mapping for MavenProject: org.savebill:restservice:1.0.0-BUILD-SNAPSHOT @ C:\Users\Cédric\Documents\GitHub\BetaalPlatform\SaveBillService\pom.xml.
2014-04-01 14:38:34,902 [Worker-13] INFO  o.e.m.c.i.p.ProjectConfigurationManager - Update started
2014-04-01 14:38:34,903 [Worker-13] INFO  o.e.m.c.i.p.ProjectConfigurationManager - Update completed: 0 sec
2014-04-01 14:38:35,448 [Worker-2] WARN  o.e.m.c.i.embedder.EclipseLogger - Using platform encoding (Cp1252 actually) to copy filtered resources, i.e. build is platform dependent!
2014-04-01 14:38:35,457 [Worker-2] INFO  o.e.m.c.i.embedder.EclipseLogger - Copying 1 resource
2014-04-01 14:38:35,472 [Worker-2] WARN  o.e.m.c.i.embedder.EclipseLogger - Using platform encoding (Cp1252 actually) to copy filtered resources, i.e. build is platform dependent!
2014-04-01 14:38:35,477 [Worker-2] INFO  o.e.m.c.i.embedder.EclipseLogger - Copying 1 resource
2014-04-01 14:47:10,886 [Worker-8] INFO  o.e.m.c.i.l.LifecycleMappingFactory - Using org.maven.ide.eclipse.wtp.WarLifecycleMapping lifecycle mapping for MavenProject: org.savebill:restservice:1.0.0-BUILD-SNAPSHOT @ C:\Users\Cédric\Documents\GitHub\BetaalPlatform\SaveBillService\pom.xml.
2014-04-01 14:47:11,313 [Worker-8] WARN  o.e.m.c.i.embedder.EclipseLogger - Using platform encoding (Cp1252 actually) to copy filtered resources, i.e. build is platform dependent!
2014-04-01 14:47:11,320 [Worker-8] INFO  o.e.m.c.i.embedder.EclipseLogger - Copying 1 resource
2014-04-01 14:47:11,332 [Worker-8] WARN  o.e.m.c.i.embedder.EclipseLogger - Using platform encoding (Cp1252 actually) to copy filtered resources, i.e. build is platform dependent!
2014-04-01 14:47:11,336 [Worker-8] INFO  o.e.m.c.i.embedder.EclipseLogger - Copying 1 resource
2014-04-01 14:48:13,825 [Worker-5] WARN  o.e.m.c.i.embedder.EclipseLogger - Using platform encoding (Cp1252 actually) to copy filtered resources, i.e. build is platform dependent!
2014-04-01 14:48:13,836 [Worker-5] INFO  o.e.m.c.i.embedder.EclipseLogger - Copying 1 resource
2014-04-01 14:48:13,838 [Worker-5] WARN  o.e.m.c.i.embedder.EclipseLogger - Using platform encoding (Cp1252 actually) to copy filtered resources, i.e. build is platform dependent!
2014-04-01 14:48:13,842 [Worker-5] INFO  o.e.m.c.i.embedder.EclipseLogger - Copying 0 resource
2014-04-01 14:48:25,392 [Worker-0] WARN  o.e.m.c.i.embedder.EclipseLogger - Using platform encoding (Cp1252 actually) to copy filtered resources, i.e. build is platform dependent!
2014-04-01 14:48:25,397 [Worker-0] INFO  o.e.m.c.i.embedder.EclipseLogger - Copying 1 resource
2014-04-01 14:48:25,398 [Worker-0] WARN  o.e.m.c.i.embedder.EclipseLogger - Using platform encoding (Cp1252 actually) to copy filtered resources, i.e. build is platform dependent!
2014-04-01 14:48:25,404 [Worker-0] INFO  o.e.m.c.i.embedder.EclipseLogger - Copying 0 resource
2014-04-01 14:49:47,273 [Worker-3] WARN  o.e.m.c.i.embedder.EclipseLogger - Using platform encoding (Cp1252 actually) to copy filtered resources, i.e. build is platform dependent!
2014-04-01 14:49:47,279 [Worker-3] INFO  o.e.m.c.i.embedder.EclipseLogger - Copying 1 resource
2014-04-01 14:49:47,281 [Worker-3] WARN  o.e.m.c.i.embedder.EclipseLogger - Using platform encoding (Cp1252 actually) to copy filtered resources, i.e. build is platform dependent!
2014-04-01 14:49:47,289 [Worker-3] INFO  o.e.m.c.i.embedder.EclipseLogger - Copying 0 resource
